0 verbose cli D:\node.exe D:\node_modules\npm\bin\npm-cli.js
1 info using npm@10.9.3
2 info using node@v22.19.0
3 silly config load:file:D:\node_modules\npm\npmrc
4 silly config load:file:D:\Lenovo\agentic-ai-food-waste-management-system\food-waste-app\server\.npmrc
5 silly config load:file:C:\Users\gawad\.npmrc
6 silly config load:file:C:\Users\gawad\AppData\Roaming\npm\etc\npmrc
7 verbose title npm install
8 verbose argv "install"
9 verbose logfile logs-max:10 dir:D:\Lenovo\agentic-ai-food-waste-management-system\food-waste-app\server\npm-cache\_logs\2026-07-09T18_35_51_068Z-
10 verbose logfile D:\Lenovo\agentic-ai-food-waste-management-system\food-waste-app\server\npm-cache\_logs\2026-07-09T18_35_51_068Z-debug-0.log
11 silly logfile done cleaning log files
12 silly packumentCache heap:4345298944 maxSize:1086324736 maxEntrySize:543162368
13 silly idealTree buildDeps
14 silly fetch manifest axios@^1.7.2
15 silly packumentCache full:https://registry.npmjs.org/axios cache-miss
16 http fetch GET 200 https://registry.npmjs.org/axios 194ms (cache miss)
17 silly packumentCache full:https://registry.npmjs.org/axios set size:undefined disposed:false
18 silly fetch manifest bcryptjs@^2.4.3
19 silly packumentCache full:https://registry.npmjs.org/bcryptjs cache-miss
20 http fetch GET 200 https://registry.npmjs.org/npm 367ms
21 http fetch GET 200 https://registry.npmjs.org/bcryptjs 340ms (cache miss)
22 silly packumentCache full:https://registry.npmjs.org/bcryptjs set size:undefined disposed:false
23 silly fetch manifest cloudinary@^2.2.0
24 silly packumentCache full:https://registry.npmjs.org/cloudinary cache-miss
25 http fetch GET 200 https://registry.npmjs.org/cloudinary 368ms (cache miss)
26 silly packumentCache full:https://registry.npmjs.org/cloudinary set size:undefined disposed:false
27 silly fetch manifest cors@^2.8.5
28 silly packumentCache full:https://registry.npmjs.org/cors cache-miss
29 http fetch GET 200 https://registry.npmjs.org/cors 58ms (cache miss)
30 silly packumentCache full:https://registry.npmjs.org/cors set size:undefined disposed:false
31 silly fetch manifest dotenv@^16.4.5
32 silly packumentCache full:https://registry.npmjs.org/dotenv cache-miss
33 http fetch GET 200 https://registry.npmjs.org/dotenv 335ms (cache miss)
34 silly packumentCache full:https://registry.npmjs.org/dotenv set size:undefined disposed:false
35 silly fetch manifest express@^4.19.2
36 silly packumentCache full:https://registry.npmjs.org/express cache-miss
37 http fetch GET 200 https://registry.npmjs.org/express 116ms (cache miss)
38 silly packumentCache full:https://registry.npmjs.org/express set size:undefined disposed:false
39 silly fetch manifest express-async-handler@^1.2.0
40 silly packumentCache full:https://registry.npmjs.org/express-async-handler cache-miss
41 http fetch GET 200 https://registry.npmjs.org/express-async-handler 350ms (cache miss)
42 silly packumentCache full:https://registry.npmjs.org/express-async-handler set size:undefined disposed:false
43 silly fetch manifest jsonwebtoken@^9.0.2
44 silly packumentCache full:https://registry.npmjs.org/jsonwebtoken cache-miss
45 http fetch GET 200 https://registry.npmjs.org/jsonwebtoken 84ms (cache miss)
46 silly packumentCache full:https://registry.npmjs.org/jsonwebtoken set size:undefined disposed:false
47 silly fetch manifest mongoose@^8.4.1
48 silly packumentCache full:https://registry.npmjs.org/mongoose cache-miss
49 http fetch GET 200 https://registry.npmjs.org/mongoose 316ms (cache miss)
50 silly packumentCache full:https://registry.npmjs.org/mongoose set size:undefined disposed:false
51 silly fetch manifest multer@^1.4.5-lts.1
52 silly packumentCache full:https://registry.npmjs.org/multer cache-miss
53 http fetch GET 200 https://registry.npmjs.org/multer 66ms (cache miss)
54 silly packumentCache full:https://registry.npmjs.org/multer set size:undefined disposed:false
55 silly fetch manifest multer-storage-cloudinary@^4.0.0
56 silly packumentCache full:https://registry.npmjs.org/multer-storage-cloudinary cache-miss
57 http fetch GET 200 https://registry.npmjs.org/multer-storage-cloudinary 280ms (cache miss)
58 silly packumentCache full:https://registry.npmjs.org/multer-storage-cloudinary set size:undefined disposed:false
59 silly fetch manifest cloudinary@^1.21.0
60 silly packumentCache full:https://registry.npmjs.org/cloudinary cache-miss
61 http cache https://registry.npmjs.org/cloudinary 29ms (cache hit)
62 silly packumentCache full:https://registry.npmjs.org/cloudinary set size:296980 disposed:false
63 verbose stack Error: unable to resolve dependency tree
63 verbose stack     at #failPeerConflict (D:\node_modules\npm\node_modules\@npmcli\arborist\lib\arborist\build-ideal-tree.js:1363:25)
63 verbose stack     at #loadPeerSet (D:\node_modules\npm\node_modules\@npmcli\arborist\lib\arborist\build-ideal-tree.js:1329:33)
63 verbose stack     at async #buildDepStep (D:\node_modules\npm\node_modules\@npmcli\arborist\lib\arborist\build-ideal-tree.js:904:11)
63 verbose stack     at async Arborist.buildIdealTree (D:\node_modules\npm\node_modules\@npmcli\arborist\lib\arborist\build-ideal-tree.js:181:7)
63 verbose stack     at async Promise.all (index 1)
63 verbose stack     at async Arborist.reify (D:\node_modules\npm\node_modules\@npmcli\arborist\lib\arborist\reify.js:131:5)
63 verbose stack     at async Install.exec (D:\node_modules\npm\lib\commands\install.js:150:5)
63 verbose stack     at async Npm.exec (D:\node_modules\npm\lib\npm.js:207:9)
63 verbose stack     at async module.exports (D:\node_modules\npm\lib\cli\entry.js:74:5)
64 error code ERESOLVE
65 error ERESOLVE unable to resolve dependency tree
66 error
67 error While resolving: food-waste-server@1.0.0
67 error Found: cloudinary@2.10.0[2m[22m
67 error [2mnode_modules/cloudinary[22m
67 error   cloudinary@"^2.2.0" from the root project
67 error
67 error Could not resolve dependency:
67 error [95mpeer[39m cloudinary@"^1.21.0" from multer-storage-cloudinary@4.0.0[2m[22m
67 error [2mnode_modules/multer-storage-cloudinary[22m
67 error   multer-storage-cloudinary@"^4.0.0" from the root project
67 error
67 error Fix the upstream dependency conflict, or retry
67 error this command with --force or --legacy-peer-deps
67 error to accept an incorrect (and potentially broken) dependency resolution.
68 error
68 error
68 error For a full report see:
68 error D:\Lenovo\agentic-ai-food-waste-management-system\food-waste-app\server\npm-cache\_logs\2026-07-09T18_35_51_068Z-eresolve-report.txt
69 silly unfinished npm timer reify 1783622152110
70 silly unfinished npm timer reify:loadTrees 1783622152112
71 silly unfinished npm timer idealTree:buildDeps 1783622152129
72 silly unfinished npm timer idealTree:#root 1783622152129
73 verbose cwd D:\Lenovo\agentic-ai-food-waste-management-system\food-waste-app\server
74 verbose os Windows_NT 10.0.26200
75 verbose node v22.19.0
76 verbose npm  v10.9.3
77 notice
77 notice New [31mmajor[39m version of npm available! [31m10.9.3[39m -> [34m12.0.0[39m
77 notice Changelog: [34mhttps://github.com/npm/cli/releases/tag/v12.0.0[39m
77 notice To update run: [4mnpm install -g npm@12.0.0[24m
77 notice  { force: true, [Symbol(proc-log.meta)]: true }
78 verbose exit 1
79 verbose code 1
80 error A complete log of this run can be found in: D:\Lenovo\agentic-ai-food-waste-management-system\food-waste-app\server\npm-cache\_logs\2026-07-09T18_35_51_068Z-debug-0.log
